
7
7	Current draw, in amperes: 0.011385199241
	Watt draw, in VA: 1.77609108159
		Wh used in last  2.14576721191e-06  seconds:  1.05863278007e-09
twittertime!
Currently using 0 Watts, 0 Wh today so far #tweetawatt
username password
Couldn't connect, check network, username and password!
7
7	Current draw, in amperes: 41.844402277
	Watt draw, in VA: 7093.25616698
7
7	Current draw, in amperes: 9.03605313093
	Watt draw, in VA: 1184.12144213
		Wh used in last  2.46168708801  seconds:  0.809704573533
7
7	Current draw, in amperes: 8.89184060721
	Watt draw, in VA: 1116.63377609
		Wh used in last  2.0463719368  seconds:  0.634735561965
7
7	Current draw, in amperes: 8.51612903226
	Watt draw, in VA: 1088.06072106
		Wh used in last  2.02969813347  seconds:  0.613454115178
7
7	Current draw, in amperes: 8.99430740038
	Watt draw, in VA: 1157.43833017
		Wh used in last  2.04607701302  seconds:  0.657835544818
7
7	Current draw, in amperes: 9.1119544592
	Watt draw, in VA: 1191.87855787
		Wh used in last  2.02998614311  seconds:  0.672082487988
7
7	Current draw, in amperes: 8.18216318786
	Watt draw, in VA: 1081.0626186
		Wh used in last  2.02990603447  seconds:  0.609570981424
7
7	Current draw, in amperes: 8.77039848197
	Watt draw, in VA: 1067.40037951
		Wh used in last  2.04604291916  seconds:  0.606651941221
7
7	Current draw, in amperes: 9.08918406072
	Watt draw, in VA: 1172.03795066
		Wh used in last  2.03013086319  seconds:  0.660941782354
7
7	Current draw, in amperes: 8.76660341556
	Watt draw, in VA: 1173.35863378
		Wh used in last  2.04614400864  seconds:  0.66690576069
7
7	Current draw, in amperes: 9.2789373814
	Watt draw, in VA: 1194.10626186
		Wh used in last  2.03012800217  seconds:  0.673385711045
7
7	Current draw, in amperes: 8.95256166983
	Watt draw, in VA: 1123.87855787
		Wh used in last  2.0300359726  seconds:  0.633753861476
7
7	Current draw, in amperes: 8.21631878558
	Watt draw, in VA: 1070.53889943
		Wh used in last  2.045992136  seconds:  0.608420602644
7
7	Current draw, in amperes: 9.11954459203
	Watt draw, in VA: 1156.31119545
		Wh used in last  2.02992892265  seconds:  0.65200820534
7
7	Current draw, in amperes: 8.78937381404
	Watt draw, in VA: 1150.94497154
		Wh used in last  2.04604482651  seconds:  0.654134723502
