
7
7	Current draw, in amperes: 8.48197343454
	Watt draw, in VA: 1116.53889943
		Wh used in last  9.53674316406e-07  seconds:  2.95781797682e-07
twittertime!
Currently using 35 Watts, 0 Wh today so far #tweetawatt
username password
Couldn't connect, check network, username and password!
7
7	Current draw, in amperes: 0.0189753320683
	Watt draw, in VA: 2.56925996205
		Wh used in last  0.732794046402  seconds:  0.000522982889958
7
7	Current draw, in amperes: 12.89943074
	Watt draw, in VA: 2093.65464896
		Wh used in last  0.977586984634  seconds:  0.568535981983
7
7	Current draw, in amperes: 0.0151802656546
	Watt draw, in VA: 2.24667931689
		Wh used in last  2.04591202736  seconds:  0.00127680784334
7
7	Current draw, in amperes: 0.0265654648956
	Watt draw, in VA: 3.3320683112
		Wh used in last  2.03010797501  seconds:  0.00187901623662
7
7	Current draw, in amperes: 0.0151802656546
	Watt draw, in VA: 1.76850094877
		Wh used in last  2.0459549427  seconds:  0.00100507590481
7
7	Current draw, in amperes: 0.011385199241
	Watt draw, in VA: 1.33586337761
		Wh used in last  2.03000617027  seconds:  0.00075328080533
7
7	Current draw, in amperes: 0.00759013282732
	Watt draw, in VA: 1.27514231499
		Wh used in last  2.0300719738  seconds:  0.000719064076742
7
7	Current draw, in amperes: 0.011385199241
	Watt draw, in VA: 1.39658444023
		Wh used in last  2.04590511322  seconds:  0.000793688679807
7
7	Current draw, in amperes: 0.0151802656546
	Watt draw, in VA: 2.51233396584
		Wh used in last  2.0299551487  seconds:  0.00141664590811
7
7	Current draw, in amperes: 0.022770398482
	Watt draw, in VA: 2.4440227704
		Wh used in last  2.0461769104  seconds:  0.00138913971147
7
7	Current draw, in amperes: 0.022770398482
	Watt draw, in VA: 3.08918406072
		Wh used in last  2.03002691269  seconds:  0.00174197966153
7
7	Current draw, in amperes: 0.0151802656546
	Watt draw, in VA: 1.75332068311
		Wh used in last  2.03024601936  seconds:  0.000988797871543
7
7	Current draw, in amperes: 0.00379506641366
	Watt draw, in VA: 0.629981024668
		Wh used in last  2.04595994949  seconds:  0.000358032207059
7
7	Current draw, in amperes: 0.011385199241
	Watt draw, in VA: 1.46110056926
		Wh used in last  2.03007102013  seconds:  0.000823927200874
7
7	Current draw, in amperes: 0.0151802656546
	Watt draw, in VA: 1.8330170778
		Wh used in last  2.04613304138  seconds:  0.00104183244675
7
7	Current draw, in amperes: 0.0189753320683
	Watt draw, in VA: 2.54648956357
		Wh used in last  2.02985596657  seconds:  0.00143583528734
7
7	Current draw, in amperes: 0.0265654648956
	Watt draw, in VA: 3.23339658444
		Wh used in last  2.030148983  seconds:  0.00182341021876
7
7	Current draw, in amperes: 0.0189753320683
	Watt draw, in VA: 2.67172675522
		Wh used in last  2.04599499702  seconds:  0.00151842765961
7
7	Current draw, in amperes: 0.011385199241
	Watt draw, in VA: 1.24098671727
		Wh used in last  2.03003501892  seconds:  0.000699790692797
